Log file open, 11/29/16 09:16:19
LogInit:Display: Running engine for game: AIProject
LogPlatformFile: Not using cached read wrapper
LogInit:Display: RandInit(-1858459116) SRandInit(-1858459115).
LogTaskGraph: Started task graph with 4 named threads and 7 total threads.
LogStats: Stats thread started at 0.064548
LogHMD: Can't find Oculus library dev build: is proper Runtime installed? Version: 1.3.0
LogInit: Version: 4.11.2-2946394+++UE4+Release-4.11
LogInit: API Version: 2927265
LogInit: Compiled (64-bit): Apr 18 2016 02:18:46
LogInit: Compiled with Visual C++: 19.00.23026.00
LogInit: Build Configuration: Development
LogInit: Branch Name: ++UE4+Release-4.11
LogInit: Command line: 
LogInit: Base directory: C:/Program Files/Epic Games/4.11/Engine/Binaries/Win64/
LogInit: Installed Engine Build: 1
LogInit: Using libcurl 7.41.0
LogInit:  - built for x86_64-pc-win32
LogInit:  - supports SSL with WinSSL
LogInit:  - other features:
LogInit:      CURL_VERSION_SSL
LogInit:      CURL_VERSION_IPV6
LogInit:      CURL_VERSION_ASYNCHDNS
LogInit:      CURL_VERSION_LARGEFILE
LogInit:      CURL_VERSION_IDN
LogInit:  CurlRequestOptions (configurable via config and command line):
LogInit:  - bVerifyPeer = true  - Libcurl will verify peer certificate
LogInit:  - bUseHttpProxy = false  - Libcurl will NOT use HTTP proxy
LogInit:  - bDontReuseConnections = false  - Libcurl will reuse connections
LogInit:  - CertBundlePath = nullptr  - Libcurl will use whatever was configured at build time.
LogInit: Presizing for max 16777216 objects, including 0 objects not considered by GC, pre-allocating 0 bytes for permanent pool.
LogInit: Object subsystem initialized
[2016.11.28-22.16.19:716][  0]LogInit: Selected Device Profile: [Windows]
[2016.11.28-22.16.19:716][  0]LogInit: Applying CVar settings loaded from the selected device profile: [Windows]
[2016.11.28-22.16.19:724][  0]LogInit: Computer: FRAW108-3M2TF42
[2016.11.28-22.16.19:724][  0]LogInit: User: L201624699
[2016.11.28-22.16.19:724][  0]LogInit: CPU Page size=65536, Cores=4
[2016.11.28-22.16.19:724][  0]LogInit: High frequency timer resolution =3.515633 MHz
[2016.11.28-22.16.19:724][  0]LogMemory: Memory total: Physical=15.9GB (16GB approx)
[2016.11.28-22.16.19:724][  0]LogMemory: Platform Memory Stats for Windows
[2016.11.28-22.16.19:724][  0]LogMemory: Process Physical Memory: 313.04 MB used, 313.04 MB peak
[2016.11.28-22.16.19:724][  0]LogMemory: Process Virtual Memory: 314.91 MB used, 314.91 MB peak
[2016.11.28-22.16.19:724][  0]LogMemory: Physical Memory: 4106.55 MB used, 16298.84 MB total
[2016.11.28-22.16.19:724][  0]LogMemory: Virtual Memory: 650.65 MB used, 134217728.00 MB total
[2016.11.28-22.16.19:746][  0]LogTextLocalizationManager: No specific translations for ('en-AU') exist, so ('en') translations will be used.
[2016.11.28-22.16.20:069][  0]LogD3D11RHI: D3D11 adapters:
[2016.11.28-22.16.20:079][  0]LogD3D11RHI:    0. 'AMD Radeon R9 200 Series' (Feature Level 11_0)
[2016.11.28-22.16.20:079][  0]LogD3D11RHI:       2022MB of dedicated video memory, 0MB of dedicated system memory, and 7936MB of shared system memory, 1 output[s]
[2016.11.28-22.16.20:085][  0]LogD3D11RHI:    1. 'Intel(R) HD Graphics 4600' (Feature Level 11_0)
[2016.11.28-22.16.20:085][  0]LogD3D11RHI:       0MB of dedicated video memory, 0MB of dedicated system memory, and 1792MB of shared system memory, 0 output[s]
[2016.11.28-22.16.20:086][  0]LogD3D11RHI:    2. 'Microsoft Basic Render Driver' (Feature Level 11_0)
[2016.11.28-22.16.20:086][  0]LogD3D11RHI:       0MB of dedicated video memory, 0MB of dedicated system memory, and 256MB of shared system memory, 0 output[s]
[2016.11.28-22.16.20:086][  0]LogD3D11RHI: Chosen D3D11 Adapter: 0
[2016.11.28-22.16.20:090][  0]LogD3D11RHI: Creating new Direct3DDevice
[2016.11.28-22.16.20:090][  0]LogD3D11RHI:     Adapter Name: AMD Radeon R9 200 Series
[2016.11.28-22.16.20:090][  0]LogD3D11RHI:   Driver Version: Unknown (internal Unknown)
[2016.11.28-22.16.20:090][  0]LogD3D11RHI:      Driver Date: Unknown
[2016.11.28-22.16.20:090][  0]LogRHI: Texture pool is 1361 MB (70% of 1945 MB)
[2016.11.28-22.16.20:095][  0]LogD3D11RHI: Async texture creation disabled: no driver support
[2016.11.28-22.16.20:106][  0]LogShaderCompilers: Guid format shader working directory is -28 characters bigger than the processId version (../../../../../../Users/l201624699/Documents/Unreal Projects/GitHub/AIProject/Intermediate/Shaders/WorkingDirectory/4156/).
[2016.11.28-22.16.20:106][  0]LogShaderCompilers: Cleaned the shader compiler working directory 'C:/Users/L20162~1/AppData/Local/Temp/UnrealShaderWorkingDir/F5BFE2B6474FB90B723AADB28941CD1D/'.
[2016.11.28-22.16.20:106][  0]LogShaderCompilers:Display: Using Local Shader Compiler.
[2016.11.28-22.16.20:875][  0]LogTemp:Display: Loaded TP AllDesktopTargetPlatform
[2016.11.28-22.16.20:879][  0]LogTemp:Display: Loaded TP WindowsClientTargetPlatform
[2016.11.28-22.16.20:882][  0]LogTemp:Display: Loaded TP WindowsNoEditorTargetPlatform
[2016.11.28-22.16.20:885][  0]LogTemp:Display: Loaded TP WindowsServerTargetPlatform
[2016.11.28-22.16.20:888][  0]LogTemp:Display: Loaded TP WindowsTargetPlatform
[2016.11.28-22.16.20:891][  0]LogTemp:Display: Loaded TP AndroidTargetPlatform
[2016.11.28-22.16.20:894][  0]LogTemp:Display: Loaded TP Android_ASTCTargetPlatform
[2016.11.28-22.16.20:896][  0]LogTemp:Display: Loaded TP Android_ATCTargetPlatform
[2016.11.28-22.16.20:899][  0]LogTemp:Display: Loaded TP Android_DXTTargetPlatform
[2016.11.28-22.16.20:901][  0]LogTemp:Display: Loaded TP Android_ETC1TargetPlatform
[2016.11.28-22.16.20:904][  0]LogTemp:Display: Loaded TP Android_ETC2TargetPlatform
[2016.11.28-22.16.20:908][  0]LogTemp:Display: Loaded TP Android_MultiTargetPlatform
[2016.11.28-22.16.20:908][  0]LogTemp:Display: Loaded TP Android_PVRTCTargetPlatform
[2016.11.28-22.16.20:909][  0]LogTemp:Display: Loaded TP HTML5TargetPlatform
[2016.11.28-22.16.20:924][  0]LogTemp:Display: Loaded TP IOSTargetPlatform
[2016.11.28-22.16.20:926][  0]LogTemp:Display: Loaded TP TVOSTargetPlatform
[2016.11.28-22.16.20:928][  0]LogTemp:Display: Loaded TP LinuxNoEditorTargetPlatform
[2016.11.28-22.16.20:931][  0]LogTemp:Display: Loaded TP LinuxServerTargetPlatform
[2016.11.28-22.16.20:933][  0]LogTemp:Display: Loaded TP LinuxTargetPlatform
[2016.11.28-22.16.20:933][  0]LogTargetPlatformManager:Display: Building Assets For Windows
[2016.11.28-22.16.20:980][  0]LogDerivedDataCache:Display: Max Cache Size: 512 MB
[2016.11.28-22.16.21:110][  0]LogDerivedDataCache: Loaded boot cache 0.05s 46MB C:/Users/l201624699/AppData/Local/UnrealEngine/4.11/DerivedDataCache/Boot.ddc.
[2016.11.28-22.16.21:177][  0]LogDerivedDataCache:Display: Loaded Boot cache: C:/Users/l201624699/AppData/Local/UnrealEngine/4.11/DerivedDataCache/Boot.ddc
[2016.11.28-22.16.21:177][  0]LogDerivedDataCache: FDerivedDataBackendGraph:  Pak pak cache file ../../../../../../Users/l201624699/Documents/Unreal Projects/GitHub/AIProject/DerivedDataCache/DDC.ddp not found, will not use a pak cache.
[2016.11.28-22.16.21:177][  0]LogDerivedDataCache: Unable to find inner node Pak for hierarchical cache Hierarchy.
[2016.11.28-22.16.21:177][  0]LogDerivedDataCache: FDerivedDataBackendGraph:  CompressedPak pak cache file ../../../../../../Users/l201624699/Documents/Unreal Projects/GitHub/AIProject/DerivedDataCache/Compressed.ddp not found, will not use a pak cache.
[2016.11.28-22.16.21:177][  0]LogDerivedDataCache: Unable to find inner node CompressedPak for hierarchical cache Hierarchy.
[2016.11.28-22.16.21:199][  0]LogDerivedDataCache:Display: Pak cache opened for reading ../../../Engine/DerivedDataCache/Compressed.ddp.
[2016.11.28-22.16.21:213][  0]LogDerivedDataCache: Using Local data cache path C:/Users/l201624699/AppData/Local/UnrealEngine/Common/DerivedDataCache: Writable
[2016.11.28-22.16.21:464][  0]LogInit: Selected Device Profile: [Windows]
[2016.11.28-22.16.21:464][  0]LogContentStreaming: Texture pool size is 0.00 MB
[2016.11.28-22.16.21:491][  0]LogMaterial: Uniform references updated for custom material expression Custom.
[2016.11.28-22.16.21:587][  0]LogMeshUtilities: No automatic mesh reduction module available
[2016.11.28-22.16.21:587][  0]LogMeshUtilities: No automatic mesh merging module available
[2016.11.28-22.16.21:587][  0]LogMeshUtilities: No distributed automatic mesh merging module available
[2016.11.28-22.16.21:777][  0]LogUObjectArray: 27679 objects as part of root set at end of initial load.
[2016.11.28-22.16.21:777][  0]LogUObjectAllocator: 5591600 out of 0 bytes used by permanent object pool.
[2016.11.28-22.16.21:777][  0]LogUObjectArray: CloseDisregardForGC: 0/0 objects in disregard for GC pool
[2016.11.28-22.16.21:780][  0]LogInit: WinSock: version 1.1 (2.2), MaxSocks=32767, MaxUdp=65467
[2016.11.28-22.16.21:846][  0]LogSlate: SlateFontCache - WITH_FREETYPE: 1, WITH_HARFBUZZ: 1
[2016.11.28-22.16.21:846][  0]LogSlate: SlateFontCache - WITH_FREETYPE: 1, WITH_HARFBUZZ: 1
[2016.11.28-22.16.21:918][  0]LogStreaming:Warning: Failed to read file '../../../Engine/Content/Editor/Slate/Common/Selection_16x.png' error.
[2016.11.28-22.16.21:918][  0]LogSlate: Could not find file for Slate resource: ../../../Engine/Content/Editor/Slate/Common/Selection_16x.png
[2016.11.28-22.16.21:918][  0]LogStreaming:Warning: Failed to read file '../../../Engine/Content/Editor/Slate/Common/Selection_16x.png' error.
[2016.11.28-22.16.21:918][  0]LogSlate: Could not find file for Slate resource: ../../../Engine/Content/Editor/Slate/Common/Selection_16x.png
[2016.11.28-22.16.21:918][  0]LogStreaming:Warning: Failed to read file '../../../Engine/Content/Editor/Slate/Common/Selection_16x.png' error.
[2016.11.28-22.16.21:918][  0]LogSlate: Could not find file for Slate resource: ../../../Engine/Content/Editor/Slate/Common/Selection_16x.png
[2016.11.28-22.16.22:344][  0]LogUdpMessaging: Initializing bridge on interface 0.0.0.0:0 to multicast group 230.0.0.1:6666.
[2016.11.28-22.16.22:440][  0]LogAssetRegistry: FAssetRegistry took 0.0223 seconds to start up
[2016.11.28-22.16.22:551][  0]SourceControl: Info Source control is disabled
[2016.11.28-22.16.22:889][  0]SourceControl: Info Source control is disabled
[2016.11.28-22.16.22:894][  0]SourceControl: Info Source control is disabled
[2016.11.28-22.16.22:898][  0]SourceControl: Info Source control is disabled
[2016.11.28-22.16.22:958][  0]LogHMD: Failed to initialize OpenVR with code 110
[2016.11.28-22.16.23:026][  0]LogEngine: Initializing Engine...
[2016.11.28-22.16.23:129][  0]LogAIModule: Creating AISystem for world NewWorld
[2016.11.28-22.16.23:133][  0]LogInit: XAudio2 using 'Headphones (High Definition Audio Device)' : 2 channels at 48 kHz using 16 bits per sample (channel mask 0x3)
[2016.11.28-22.16.23:165][  0]LogInit: FAudioDevice initialized.
[2016.11.28-22.16.23:206][  0]LogDerivedDataCache: Saved boot cache 0.04s 46MB C:/Users/l201624699/AppData/Local/UnrealEngine/4.11/DerivedDataCache/Boot.ddc.
[2016.11.28-22.16.23:210][  0]LogInit: Texture streaming: Enabled
[2016.11.28-22.16.23:224][  0]LogInit: Transaction tracking system initialized
[2016.11.28-22.16.23:237][  0]BlueprintLog: New page: Editor Load
[2016.11.28-22.16.23:279][  0]LocalizationService: Info Localization service is disabled
[2016.11.28-22.16.23:404][  0]LogConsoleResponse:Display: 
[2016.11.28-22.16.23:488][  0]LogCook:Display: Max memory allowance for cook 8192mb
[2016.11.28-22.16.23:488][  0]LogCook:Display: Mobile HDR setting 1
[2016.11.28-22.16.23:488][  0]LogCook:Display: Done creating registry. It took  0.00s.
[2016.11.28-22.16.23:523][  0]LogFileCache: Scanning file cache for directory 'C:/Users/l201624699/Documents/Unreal Projects/GitHub/AIProject/Content/' took 0.01s
[2016.11.28-22.16.23:523][  0]SourceControl: Info Source control is disabled
[2016.11.28-22.16.23:523][  0]Cmd: MAP LOAD FILE="../../../../../../Users/l201624699/Documents/Unreal Projects/GitHub/AIProject/Content/Maps/AI_StarterMap.umap" TEMPLATE=0 SHOWPROGRESS=1 FEATURELEVEL=3
[2016.11.28-22.16.23:523][  0]LightingResults: New page: Lighting Build
[2016.11.28-22.16.23:525][  0]MapCheck: New page: Map Check
[2016.11.28-22.16.23:525][  0]LightingResults: New page: Lighting Build
[2016.11.28-22.16.42:829][  0]LogBlueprint:Warning: Node '/Game/StarterContent/Audio/Starter_Background_Cue.Starter_Background_Cue:SoundCueGraph_3.SoundCueGraphNode_11' missing NodeGuid because of upgrade from old package version, this can cause deterministic cooking issues please resave package.
[2016.11.28-22.16.42:829][  0]LogBlueprint:Warning: Node '/Game/StarterContent/Audio/Starter_Background_Cue.Starter_Background_Cue:SoundCueGraph_3.SoundCueGraphNode_3' missing NodeGuid because of upgrade from old package version, this can cause deterministic cooking issues please resave package.
[2016.11.28-22.16.42:829][  0]LogBlueprint:Warning: Node '/Game/StarterContent/Audio/Starter_Background_Cue.Starter_Background_Cue:SoundCueGraph_3.SoundCueGraphNode_4' missing NodeGuid because of upgrade from old package version, this can cause deterministic cooking issues please resave package.
[2016.11.28-22.16.42:829][  0]LogBlueprint:Warning: Node '/Game/StarterContent/Audio/Starter_Background_Cue.Starter_Background_Cue:SoundCueGraph_3.SoundCueGraphNode_7' missing NodeGuid because of upgrade from old package version, this can cause deterministic cooking issues please resave package.
[2016.11.28-22.16.42:829][  0]LogBlueprint:Warning: Node '/Game/StarterContent/Audio/Starter_Background_Cue.Starter_Background_Cue:SoundCueGraph_3.SoundCueGraphNode_8' missing NodeGuid because of upgrade from old package version, this can cause deterministic cooking issues please resave package.
[2016.11.28-22.16.42:829][  0]LogBlueprint:Warning: Node '/Game/StarterContent/Audio/Starter_Background_Cue.Starter_Background_Cue:SoundCueGraph_3.SoundCueGraphNode_9' missing NodeGuid because of upgrade from old package version, this can cause deterministic cooking issues please resave package.
[2016.11.28-22.16.42:829][  0]LogBlueprint:Warning: Node '/Game/StarterContent/Audio/Starter_Background_Cue.Starter_Background_Cue:SoundCueGraph_3.SoundCueGraphNode_Root_3' missing NodeGuid because of upgrade from old package version, this can cause deterministic cooking issues please resave package.
[2016.11.28-22.16.42:855][  0]LogAIModule: Creating AISystem for world AI_StarterMap
[2016.11.28-22.16.43:217][  0]LogEditorServer: Finished looking for orphan Actors (0.000 secs)
[2016.11.28-22.16.43:249][  0]Cmd: MAP CHECKDEP NOCLEARLOG
[2016.11.28-22.16.43:333][  0]MapCheck: Info Map check complete: 0 Error(s), 0 Warning(s), took 83.438ms to complete.
[2016.11.28-22.16.43:333][  0]LogFileHelpers: Loading map 'AI_StarterMap' took 19.799
[2016.11.28-22.16.44:379][  0]LogCollectionManager: Loaded 0 collections in 0.043378 seconds
[2016.11.28-22.16.44:516][  0]LogFileCache: Scanning file cache for directory 'C:/Users/l201624699/Documents/Unreal Projects/GitHub/AIProject/Saved/Collections/' took 0.01s
[2016.11.28-22.16.44:516][  0]LogFileCache: Scanning file cache for directory 'C:/Users/l201624699/Documents/Unreal Projects/GitHub/AIProject/Content/Developers/L201624699/Collections/' took 0.01s
[2016.11.28-22.16.44:516][  0]LogFileCache: Scanning file cache for directory 'C:/Users/l201624699/Documents/Unreal Projects/GitHub/AIProject/Content/Collections/' took 0.01s
[2016.11.28-22.16.44:516][  0]LogCollectionManager: Rebuilt the GUID cache for 0 collections in 0.000003 seconds
[2016.11.28-22.16.44:526][  0]LogContentBrowser: Native class hierarchy populated in 0.0088 seconds. Added 1986 classes and 345 folders.
[2016.11.28-22.16.44:576][  0]LogStats: UGameplayTagsManager::ConstructGameplayTagTree: Construct from data asset -  0.000 s
[2016.11.28-22.16.44:576][  0]LogStats: UGameplayTagsManager::ConstructGameplayTagTree: GameplayTagTreeChangedEvent.Broadcast -  0.000 s
[2016.11.28-22.16.44:576][  0]LogContentBrowser: Native class hierarchy updated for 'GameplayTags' in 0.0008 seconds. Added 12 classes and 0 folders.
[2016.11.28-22.16.44:599][  0]LogContentBrowser: Native class hierarchy updated for 'WidgetCarousel' in 0.0004 seconds. Added 0 classes and 0 folders.
[2016.11.28-22.16.44:730][  0]LogContentBrowser: